<?xml version="1.0" encoding="UTF-8"?>
<robot generator="Robot 3.2.1 (Python 3.8.3 on win32)" generated="20200523 12:09:43.396" rpa="false">
<suite id="s1" name="FirstRobotProject" source="C:\Users\suyog\eclipse-workspace\FirstRobotProject\FirstRobotProject">
<suite id="s1-s1" name="Test" source="C:\Users\suyog\eclipse-workspace\FirstRobotProject\FirstRobotProject\test">
<suite id="s1-s1-s1" name="TestSuite4" source="C:\Users\suyog\eclipse-workspace\FirstRobotProject\FirstRobotProject\test\TestSuite4.robot">
<kw name="Log" library="BuiltIn" type="setup">
<doc>Logs the given message with the given level.</doc>
<arguments>
<arg>Je suis a l'interieur de TestSuite SetUp</arg>
</arguments>
<msg timestamp="20200523 12:09:43.627" level="INFO">Je suis a l'interieur de TestSuite SetUp</msg>
<status status="PASS" starttime="20200523 12:09:43.626" endtime="20200523 12:09:43.627"></status>
</kw>
<test id="s1-s1-s1-t1" name="MyFirstTest">
<kw name="Log" library="BuiltIn" type="setup">
<doc>Logs the given message with the given level.</doc>
<arguments>
<arg>Je suis a l'interieur de Test SetUp</arg>
</arguments>
<msg timestamp="20200523 12:09:43.628" level="INFO">Je suis a l'interieur de Test SetUp</msg>
<status status="PASS" starttime="20200523 12:09:43.628" endtime="20200523 12:09:43.628"></status>
</kw>
<kw name="Log" library="BuiltIn">
<doc>Logs the given message with the given level.</doc>
<arguments>
<arg>Hello World...</arg>
</arguments>
<msg timestamp="20200523 12:09:43.629" level="INFO">Hello World...</msg>
<status status="PASS" starttime="20200523 12:09:43.628" endtime="20200523 12:09:43.629"></status>
</kw>
<kw name="Log" library="BuiltIn" type="teardown">
<doc>Logs the given message with the given level.</doc>
<arguments>
<arg>Je suis a l'interieur de Test TearDown</arg>
</arguments>
<msg timestamp="20200523 12:09:43.629" level="INFO">Je suis a l'interieur de Test TearDown</msg>
<status status="PASS" starttime="20200523 12:09:43.629" endtime="20200523 12:09:43.629"></status>
</kw>
<tags>
<tag>smoke</tag>
</tags>
<status status="PASS" starttime="20200523 12:09:43.627" endtime="20200523 12:09:43.629" critical="yes"></status>
</test>
<test id="s1-s1-s1-t2" name="MySecondTest">
<kw name="Log" library="BuiltIn" type="setup">
<doc>Logs the given message with the given level.</doc>
<arguments>
<arg>Je suis a l'interieur de Test SetUp</arg>
</arguments>
<msg timestamp="20200523 12:09:43.631" level="INFO">Je suis a l'interieur de Test SetUp</msg>
<status status="PASS" starttime="20200523 12:09:43.630" endtime="20200523 12:09:43.631"></status>
</kw>
<kw name="Log" library="BuiltIn">
<doc>Logs the given message with the given level.</doc>
<arguments>
<arg>inside second test</arg>
</arguments>
<msg timestamp="20200523 12:09:43.631" level="INFO">inside second test</msg>
<status status="PASS" starttime="20200523 12:09:43.631" endtime="20200523 12:09:43.631"></status>
</kw>
<kw name="Set Tags" library="BuiltIn">
<doc>Adds given ``tags`` for the current test or all tests in a suite.</doc>
<arguments>
<arg>regression1</arg>
</arguments>
<msg timestamp="20200523 12:09:43.632" level="INFO">Set tag 'regression1'.</msg>
<status status="PASS" starttime="20200523 12:09:43.631" endtime="20200523 12:09:43.632"></status>
</kw>
<kw name="Remove Tags" library="BuiltIn">
<doc>Removes given ``tags`` from the current test or all tests in a suite.</doc>
<arguments>
<arg>regression1</arg>
</arguments>
<msg timestamp="20200523 12:09:43.632" level="INFO">Removed tag 'regression1'.</msg>
<status status="PASS" starttime="20200523 12:09:43.632" endtime="20200523 12:09:43.632"></status>
</kw>
<kw name="Log" library="BuiltIn" type="teardown">
<doc>Logs the given message with the given level.</doc>
<arguments>
<arg>Je suis a l'interieur de Test TearDown</arg>
</arguments>
<msg timestamp="20200523 12:09:43.633" level="INFO">Je suis a l'interieur de Test TearDown</msg>
<status status="PASS" starttime="20200523 12:09:43.633" endtime="20200523 12:09:43.633"></status>
</kw>
<tags>
<tag>sanity</tag>
</tags>
<status status="PASS" starttime="20200523 12:09:43.630" endtime="20200523 12:09:43.633" critical="yes"></status>
</test>
<test id="s1-s1-s1-t3" name="MyThirdTest">
<kw name="Log" library="BuiltIn" type="setup">
<doc>Logs the given message with the given level.</doc>
<arguments>
<arg>Je suis a l'interieur de Test SetUp</arg>
</arguments>
<msg timestamp="20200523 12:09:43.635" level="INFO">Je suis a l'interieur de Test SetUp</msg>
<status status="PASS" starttime="20200523 12:09:43.634" endtime="20200523 12:09:43.635"></status>
</kw>
<kw name="Log" library="BuiltIn">
<doc>Logs the given message with the given level.</doc>
<arguments>
<arg>inside third test</arg>
</arguments>
<msg timestamp="20200523 12:09:43.635" level="INFO">inside third test</msg>
<status status="PASS" starttime="20200523 12:09:43.635" endtime="20200523 12:09:43.635"></status>
</kw>
<kw name="Log" library="BuiltIn" type="teardown">
<doc>Logs the given message with the given level.</doc>
<arguments>
<arg>Je suis a l'interieur de Test TearDown</arg>
</arguments>
<msg timestamp="20200523 12:09:43.636" level="INFO">Je suis a l'interieur de Test TearDown</msg>
<status status="PASS" starttime="20200523 12:09:43.636" endtime="20200523 12:09:43.636"></status>
</kw>
<tags>
<tag>sanity</tag>
</tags>
<status status="PASS" starttime="20200523 12:09:43.634" endtime="20200523 12:09:43.636" critical="yes"></status>
</test>
<test id="s1-s1-s1-t4" name="MyFourthTest">
<kw name="Log" library="BuiltIn" type="setup">
<doc>Logs the given message with the given level.</doc>
<arguments>
<arg>Je suis a l'interieur de Test SetUp</arg>
</arguments>
<msg timestamp="20200523 12:09:43.637" level="INFO">Je suis a l'interieur de Test SetUp</msg>
<status status="PASS" starttime="20200523 12:09:43.637" endtime="20200523 12:09:43.637"></status>
</kw>
<kw name="Log" library="BuiltIn">
<doc>Logs the given message with the given level.</doc>
<arguments>
<arg>inside fourth test</arg>
</arguments>
<msg timestamp="20200523 12:09:43.638" level="INFO">inside fourth test</msg>
<status status="PASS" starttime="20200523 12:09:43.637" endtime="20200523 12:09:43.638"></status>
</kw>
<kw name="Log" library="BuiltIn" type="teardown">
<doc>Logs the given message with the given level.</doc>
<arguments>
<arg>Je suis a l'interieur de Test TearDown</arg>
</arguments>
<msg timestamp="20200523 12:09:43.638" level="INFO">Je suis a l'interieur de Test TearDown</msg>
<status status="PASS" starttime="20200523 12:09:43.638" endtime="20200523 12:09:43.638"></status>
</kw>
<tags>
<tag>sanity</tag>
</tags>
<status status="PASS" starttime="20200523 12:09:43.636" endtime="20200523 12:09:43.638" critical="yes"></status>
</test>
<kw name="Log" library="BuiltIn" type="teardown">
<doc>Logs the given message with the given level.</doc>
<arguments>
<arg>Je suis a l'interieur de TestSuite TearDown</arg>
</arguments>
<msg timestamp="20200523 12:09:43.639" level="INFO">Je suis a l'interieur de TestSuite TearDown</msg>
<status status="PASS" starttime="20200523 12:09:43.639" endtime="20200523 12:09:43.639"></status>
</kw>
<status status="PASS" starttime="20200523 12:09:43.452" endtime="20200523 12:09:43.639"></status>
</suite>
<status status="PASS" starttime="20200523 12:09:43.450" endtime="20200523 12:09:43.641"></status>
</suite>
<status status="PASS" starttime="20200523 12:09:43.426" endtime="20200523 12:09:43.642"></status>
</suite>
<statistics>
<total>
<stat pass="4" fail="0">Critical Tests</stat>
<stat pass="4" fail="0">All Tests</stat>
</total>
<tag>
<stat pass="3" fail="0">sanity</stat>
<stat pass="1" fail="0">smoke</stat>
</tag>
<suite>
<stat pass="4" fail="0" id="s1" name="FirstRobotProject">FirstRobotProject</stat>
<stat pass="4" fail="0" id="s1-s1" name="Test">FirstRobotProject.Test</stat>
<stat pass="4" fail="0" id="s1-s1-s1" name="TestSuite4">FirstRobotProject.Test.TestSuite4</stat>
</suite>
</statistics>
<errors>
</errors>
</robot>
